<?xml version="1.0" encoding="UTF-8"?>
<!-- Generated by org.testng.reporters.JUnitReportReporter -->
<testsuite hostname="EXR-IT-684" failures="0" tests="10" name="com.testng.InvocationCountTest" time="0.012" errors="0" timestamp="2024-11-27T11:47:50 IST" skipped="0">
  <testcase classname="com.testng.InvocationCountTest" name="sum" time="0.000"/>
  <testcase classname="com.testng.InvocationCountTest" name="sum" time="0.000"/>
  <testcase classname="com.testng.InvocationCountTest" name="sum" time="0.000"/>
  <testcase classname="com.testng.InvocationCountTest" name="sum" time="0.000"/>
  <testcase classname="com.testng.InvocationCountTest" name="sum" time="0.000"/>
  <testcase classname="com.testng.InvocationCountTest" name="sum" time="0.000"/>
  <testcase classname="com.testng.InvocationCountTest" name="sum" time="0.000"/>
  <testcase classname="com.testng.InvocationCountTest" name="sum" time="0.000"/>
  <testcase classname="com.testng.InvocationCountTest" name="sum" time="0.000"/>
  <testcase classname="com.testng.InvocationCountTest" name="sum" time="0.012"/>
</testsuite> <!-- com.testng.InvocationCountTest -->
