<?xml version="1.0" encoding="UTF-8"?>
<!-- Generated by org.testng.reporters.JUnitReportReporter -->
<testsuite hostname="EXR-IT-684" failures="0" tests="4" name="com.test.seleniumtest.AlertAndPopUpHandler" time="45.472" errors="0" timestamp="2024-11-27T11:58:27 IST" skipped="0">
  <testcase classname="com.test.seleniumtest.AlertAndPopUpHandler" name="alertHandle" time="13.635"/>
  <testcase classname="com.test.seleniumtest.AlertAndPopUpHandler" name="handleAlertBoxPopUp" time="10.546"/>
  <testcase classname="com.test.seleniumtest.AlertAndPopUpHandler" name="handlePromptBoxPopUp" time="10.104"/>
  <testcase classname="com.test.seleniumtest.AlertAndPopUpHandler" name="handleConfirmBoxPopUp" time="11.187"/>
</testsuite> <!-- com.test.seleniumtest.AlertAndPopUpHandler -->
